
>>> POST http://127.0.0.1:5000/api/v1/session
Content-Type: application/json

{}

====================================================================================================

>>> POST http://127.0.0.1:5000/api/v1/account

{}

====================================================================================================

>>> GET http://127.0.0.1:5000/api/v1/account
Session-Token: xxx

====================================================================================================

>>> PATCH http://127.0.0.1:5000/api/v1/account
Session-Token: xxx

{"password":"password","nickname":"Momo"}

====================================================================================================

>>> GET http://127.0.0.1:5000/api/v1/games
Session-Token: xxx

====================================================================================================

>>> GET http://127.0.0.1:5000/api/v1/games/xxx
Session-Token: xxx

====================================================================================================
